<?xml version="1.0" encoding="UTF-8"?>
<!-- Generated by org.testng.reporters.JUnitXMLReporter -->
<testsuite ignored="0" hostname="HP" failures="0" tests="4" name="Default test" time="83.545" errors="0" timestamp="2024-09-08T22:41:34 IST">
  <testcase classname="Amazon.amazontesting" name="searchproduct" time="8.325"/>
  <testcase classname="Amazon.amazontesting" name="printsearchresults" time="2.253"/>
  <testcase classname="Amazon.amazontesting" name="sortbyprint" time="5.711"/>
  <testcase classname="Amazon.amazontesting" name="printfirstfivemobiles" time="0.941"/>
</testsuite> <!-- Default test -->
